  Arbre.c
C:\Program Files (x86)\Microsoft Visual Studio\2019\Community\VC\Tools\MSVC\14.29.30133\include\vadefs.h(63,39): error C2085: 'uintptr_t' : ne figure pas dans la liste de paramètres formels
C:\Program Files (x86)\Microsoft Visual Studio\2019\Community\VC\Tools\MSVC\14.29.30133\include\vadefs.h(72,30): error C2085: 'va_list' : ne figure pas dans la liste de paramètres formels
C:\Program Files (x86)\Microsoft Visual Studio\2019\Community\VC\Tools\MSVC\14.29.30133\include\vcruntime.h(197,36): error C2085: 'size_t' : ne figure pas dans la liste de paramètres formels
C:\Program Files (x86)\Microsoft Visual Studio\2019\Community\VC\Tools\MSVC\14.29.30133\include\vcruntime.h(198,39): error C2085: 'ptrdiff_t' : ne figure pas dans la liste de paramètres formels
C:\Program Files (x86)\Microsoft Visual Studio\2019\Community\VC\Tools\MSVC\14.29.30133\include\vcruntime.h(199,38): error C2085: 'intptr_t' : ne figure pas dans la liste de paramètres formels
C:\Program Files (x86)\Microsoft Visual Studio\2019\Community\VC\Tools\MSVC\14.29.30133\include\vcruntime.h(209,30): error C2085: '__vcrt_bool' : ne figure pas dans la liste de paramètres formels
C:\Program Files (x86)\Microsoft Visual Studio\2019\Community\VC\Tools\MSVC\14.29.30133\include\vcruntime.h(228,35): error C2085: 'wchar_t' : ne figure pas dans la liste de paramètres formels
C:\Program Files (x86)\Microsoft Visual Studio\2019\Community\VC\Tools\MSVC\14.29.30133\include\vcruntime.h(342,46): error C2085: '__security_init_cookie' : ne figure pas dans la liste de paramètres formels
C:\Program Files (x86)\Microsoft Visual Studio\2019\Community\VC\Tools\MSVC\14.29.30133\include\vcruntime.h(345,64): error C2146: erreur de syntaxe : absence de ')' avant l'identificateur '_StackCookie'
C:\Program Files (x86)\Microsoft Visual Studio\2019\Community\VC\Tools\MSVC\14.29.30133\include\vcruntime.h(345,64): error C2085: '__security_check_cookie' : ne figure pas dans la liste de paramètres formels
C:\Program Files (x86)\Microsoft Visual Studio\2019\Community\VC\Tools\MSVC\14.29.30133\include\vcruntime.h(345,64): error C2146: erreur de syntaxe : absence de ',' avant l'identificateur '_StackCookie'
C:\Program Files (x86)\Microsoft Visual Studio\2019\Community\VC\Tools\MSVC\14.29.30133\include\vcruntime.h(345,76): error C2059: erreur de syntaxe : ')'
C:\Program Files (x86)\Microsoft Visual Studio\2019\Community\VC\Tools\MSVC\14.29.30133\include\vcruntime.h(346,67): error C2085: '__report_gsfailure' : ne figure pas dans la liste de paramètres formels
C:\Program Files (x86)\Microsoft Visual Studio\2019\Community\VC\Tools\MSVC\14.29.30133\include\vcruntime.h(356,18): error C2085: 'uintptr_t' : ne figure pas dans la liste de paramètres formels
C:\Program Files (x86)\Microsoft Visual Studio\2019\Community\VC\Tools\MSVC\14.29.30133\include\vcruntime.h(356,18): error C2146: erreur de syntaxe : absence de ',' avant l'identificateur '__security_cookie'
C:\Program Files (x86)\Windows Kits\10\Include\10.0.19041.0\ucrt\corecrt.h(219,29): error C2085: '__crt_bool' : ne figure pas dans la liste de paramètres formels
C:\Program Files (x86)\Windows Kits\10\Include\10.0.19041.0\ucrt\corecrt.h(349,28): error C2143: erreur de syntaxe : absence de ')' avant 'const'
C:\Program Files (x86)\Windows Kits\10\Include\10.0.19041.0\ucrt\corecrt.h(349,28): error C2085: '_invalid_parameter' : ne figure pas dans la liste de paramètres formels
C:\Program Files (x86)\Windows Kits\10\Include\10.0.19041.0\ucrt\corecrt.h(349,28): error C2143: erreur de syntaxe : absence de ';' avant 'const'
C:\Program Files (x86)\Windows Kits\10\Include\10.0.19041.0\ucrt\corecrt.h(354,9): error C2059: erreur de syntaxe : ')'
C:\Program Files (x86)\Windows Kits\10\Include\10.0.19041.0\ucrt\corecrt.h(362,24): error C2143: erreur de syntaxe : absence de ')' avant 'const'
C:\Program Files (x86)\Windows Kits\10\Include\10.0.19041.0\ucrt\corecrt.h(362,24): error C2143: erreur de syntaxe : absence de '{' avant 'const'
C:\Program Files (x86)\Windows Kits\10\Include\10.0.19041.0\ucrt\corecrt.h(363,24): error C2143: erreur de syntaxe : absence de ';' avant 'const'
C:\Program Files (x86)\Windows Kits\10\Include\10.0.19041.0\ucrt\corecrt.h(366,35): error C2059: erreur de syntaxe : ')'
C:\Program Files (x86)\Windows Kits\10\Include\10.0.19041.0\ucrt\corecrt.h(641,20): error C2061: erreur de syntaxe : identificateur 'rsize_t'
C:\Program Files (x86)\Windows Kits\10\Include\10.0.19041.0\ucrt\corecrt.h(641,20): error C2059: erreur de syntaxe : ';'
C:\Program Files (x86)\Windows Kits\10\Include\10.0.19041.0\ucrt\corecrt_malloc.h(60,17): error C2146: erreur de syntaxe : absence de ')' avant l'identificateur '_Count'
C:\Program Files (x86)\Windows Kits\10\Include\10.0.19041.0\ucrt\corecrt_malloc.h(60,17): error C2061: erreur de syntaxe : identificateur '_Count'
C:\Program Files (x86)\Windows Kits\10\Include\10.0.19041.0\ucrt\corecrt_malloc.h(60,17): error C2059: erreur de syntaxe : ';'
C:\Program Files (x86)\Windows Kits\10\Include\10.0.19041.0\ucrt\corecrt_malloc.h(60,23): error C2059: erreur de syntaxe : ','
C:\Program Files (x86)\Windows Kits\10\Include\10.0.19041.0\ucrt\corecrt_malloc.h(62,5): error C2059: erreur de syntaxe : ')'
C:\Program Files (x86)\Windows Kits\10\Include\10.0.19041.0\ucrt\corecrt_malloc.h(67,36): error C2146: erreur de syntaxe : absence de ')' avant l'identificateur '_Count'
C:\Program Files (x86)\Windows Kits\10\Include\10.0.19041.0\ucrt\corecrt_malloc.h(67,36): error C2061: erreur de syntaxe : identificateur '_Count'
C:\Program Files (x86)\Windows Kits\10\Include\10.0.19041.0\ucrt\corecrt_malloc.h(67,36): error C2059: erreur de syntaxe : ';'
C:\Program Files (x86)\Windows Kits\10\Include\10.0.19041.0\ucrt\corecrt_malloc.h(67,42): error C2059: erreur de syntaxe : ','
C:\Program Files (x86)\Windows Kits\10\Include\10.0.19041.0\ucrt\corecrt_malloc.h(69,5): error C2059: erreur de syntaxe : ')'
C:\Program Files (x86)\Windows Kits\10\Include\10.0.19041.0\ucrt\corecrt_malloc.h(73,17): error C2146: erreur de syntaxe : absence de ')' avant l'identificateur '_Size'
C:\Program Files (x86)\Windows Kits\10\Include\10.0.19041.0\ucrt\corecrt_malloc.h(73,17): error C2061: erreur de syntaxe : identificateur '_Size'
C:\Program Files (x86)\Windows Kits\10\Include\10.0.19041.0\ucrt\corecrt_malloc.h(73,17): error C2059: erreur de syntaxe : ';'
C:\Program Files (x86)\Windows Kits\10\Include\10.0.19041.0\ucrt\corecrt_malloc.h(74,5): error C2059: erreur de syntaxe : ')'
C:\Program Files (x86)\Windows Kits\10\Include\10.0.19041.0\ucrt\corecrt_malloc.h(80,36): error C2146: erreur de syntaxe : absence de ')' avant l'identificateur '_Size'
C:\Program Files (x86)\Windows Kits\10\Include\10.0.19041.0\ucrt\corecrt_malloc.h(80,36): error C2061: erreur de syntaxe : identificateur '_Size'
C:\Program Files (x86)\Windows Kits\10\Include\10.0.19041.0\ucrt\corecrt_malloc.h(80,36): error C2059: erreur de syntaxe : ';'
C:\Program Files (x86)\Windows Kits\10\Include\10.0.19041.0\ucrt\corecrt_malloc.h(81,5): error C2059: erreur de syntaxe : ')'
C:\Program Files (x86)\Windows Kits\10\Include\10.0.19041.0\ucrt\corecrt_malloc.h(96,17): error C2146: erreur de syntaxe : absence de ')' avant l'identificateur '_Size'
C:\Program Files (x86)\Windows Kits\10\Include\10.0.19041.0\ucrt\corecrt_malloc.h(96,17): error C2061: erreur de syntaxe : identificateur '_Size'
C:\Program Files (x86)\Windows Kits\10\Include\10.0.19041.0\ucrt\corecrt_malloc.h(96,17): error C2059: erreur de syntaxe : ';'
C:\Program Files (x86)\Windows Kits\10\Include\10.0.19041.0\ucrt\corecrt_malloc.h(97,5): error C2059: erreur de syntaxe : ')'
C:\Program Files (x86)\Windows Kits\10\Include\10.0.19041.0\ucrt\corecrt_malloc.h(102,36): error C2146: erreur de syntaxe : absence de ')' avant l'identificateur '_Size'
C:\Program Files (x86)\Windows Kits\10\Include\10.0.19041.0\ucrt\corecrt_malloc.h(102,36): error C2061: erreur de syntaxe : identificateur '_Size'
C:\Program Files (x86)\Windows Kits\10\Include\10.0.19041.0\ucrt\corecrt_malloc.h(102,36): error C2059: erreur de syntaxe : ';'
C:\Program Files (x86)\Windows Kits\10\Include\10.0.19041.0\ucrt\corecrt_malloc.h(103,5): error C2059: erreur de syntaxe : ')'
C:\Program Files (x86)\Windows Kits\10\Include\10.0.19041.0\ucrt\corecrt_malloc.h(107,8): error C2143: erreur de syntaxe : absence de '{' avant '__cdecl'
C:\Program Files (x86)\Windows Kits\10\Include\10.0.19041.0\ucrt\corecrt_malloc.h(113,8): error C2143: erreur de syntaxe : absence de '{' avant '__cdecl'
C:\Program Files (x86)\Windows Kits\10\Include\10.0.19041.0\ucrt\corecrt_malloc.h(121,44): error C2146: erreur de syntaxe : absence de ')' avant l'identificateur '_Size'
C:\Program Files (x86)\Windows Kits\10\Include\10.0.19041.0\ucrt\corecrt_malloc.h(121,44): error C2081: 'size_t' : nom non conforme dans la liste de paramètres formels
C:\Program Files (x86)\Windows Kits\10\Include\10.0.19041.0\ucrt\corecrt_malloc.h(121,44): error C2061: erreur de syntaxe : identificateur '_Size'
C:\Program Files (x86)\Windows Kits\10\Include\10.0.19041.0\ucrt\corecrt_malloc.h(121,44): error C2059: erreur de syntaxe : ';'
C:\Program Files (x86)\Windows Kits\10\Include\10.0.19041.0\ucrt\corecrt_malloc.h(122,5): error C2059: erreur de syntaxe : ')'
C:\Program Files (x86)\Windows Kits\10\Include\10.0.19041.0\ucrt\corecrt_malloc.h(128,43): error C2146: erreur de syntaxe : absence de ')' avant l'identificateur '_Size'
C:\Program Files (x86)\Windows Kits\10\Include\10.0.19041.0\ucrt\corecrt_malloc.h(128,43): error C2061: erreur de syntaxe : identificateur '_Size'
C:\Program Files (x86)\Windows Kits\10\Include\10.0.19041.0\ucrt\corecrt_malloc.h(128,43): error C2059: erreur de syntaxe : ';'
C:\Program Files (x86)\Windows Kits\10\Include\10.0.19041.0\ucrt\corecrt_malloc.h(129,5): error C2059: erreur de syntaxe : ')'
C:\Program Files (x86)\Windows Kits\10\Include\10.0.19041.0\ucrt\corecrt_malloc.h(135,43): error C2146: erreur de syntaxe : absence de ')' avant l'identificateur '_Count'
C:\Program Files (x86)\Windows Kits\10\Include\10.0.19041.0\ucrt\corecrt_malloc.h(135,43): error C2081: 'size_t' : nom non conforme dans la liste de paramètres formels
C:\Program Files (x86)\Windows Kits\10\Include\10.0.19041.0\ucrt\corecrt_malloc.h(135,43): error C2061: erreur de syntaxe : identificateur '_Count'
C:\Program Files (x86)\Windows Kits\10\Include\10.0.19041.0\ucrt\corecrt_malloc.h(135,43): error C2059: erreur de syntaxe : ';'
C:\Program Files (x86)\Windows Kits\10\Include\10.0.19041.0\ucrt\corecrt_malloc.h(135,49): error C2059: erreur de syntaxe : ','
C:\Program Files (x86)\Windows Kits\10\Include\10.0.19041.0\ucrt\corecrt_malloc.h(137,5): error C2059: erreur de syntaxe : ')'
C:\Program Files (x86)\Windows Kits\10\Include\10.0.19041.0\ucrt\corecrt_malloc.h(143,43): error C2146: erreur de syntaxe : absence de ')' avant l'identificateur '_Count'
C:\Program Files (x86)\Windows Kits\10\Include\10.0.19041.0\ucrt\corecrt_malloc.h(143,43): error C2061: erreur de syntaxe : identificateur '_Count'
C:\Program Files (x86)\Windows Kits\10\Include\10.0.19041.0\ucrt\corecrt_malloc.h(143,43): error C2059: erreur de syntaxe : ';'
C:\Program Files (x86)\Windows Kits\10\Include\10.0.19041.0\ucrt\corecrt_malloc.h(143,49): error C2059: erreur de syntaxe : ','
C:\Program Files (x86)\Windows Kits\10\Include\10.0.19041.0\ucrt\corecrt_malloc.h(145,5): error C2059: erreur de syntaxe : ')'
C:\Program Files (x86)\Windows Kits\10\Include\10.0.19041.0\ucrt\corecrt_malloc.h(155,36): error C2146: erreur de syntaxe : absence de ')' avant l'identificateur '_Size'
C:\Program Files (x86)\Windows Kits\10\Include\10.0.19041.0\ucrt\corecrt_malloc.h(155,36): error C2061: erreur de syntaxe : identificateur '_Size'
C:\Program Files (x86)\Windows Kits\10\Include\10.0.19041.0\ucrt\corecrt_malloc.h(155,36): error C2059: erreur de syntaxe : ';'
C:\Program Files (x86)\Windows Kits\10\Include\10.0.19041.0\ucrt\corecrt_malloc.h(155,41): error C2059: erreur de syntaxe : ','
C:\Program Files (x86)\Windows Kits\10\Include\10.0.19041.0\ucrt\corecrt_malloc.h(157,5): error C2059: erreur de syntaxe : ')'
C:\Program Files (x86)\Windows Kits\10\Include\10.0.19041.0\ucrt\corecrt_malloc.h(162,36): error C2146: erreur de syntaxe : absence de ')' avant l'identificateur '_Size'
C:\Program Files (x86)\Windows Kits\10\Include\10.0.19041.0\ucrt\corecrt_malloc.h(162,36): error C2061: erreur de syntaxe : identificateur '_Size'
C:\Program Files (x86)\Windows Kits\10\Include\10.0.19041.0\ucrt\corecrt_malloc.h(162,36): error C2059: erreur de syntaxe : ';'
C:\Program Files (x86)\Windows Kits\10\Include\10.0.19041.0\ucrt\corecrt_malloc.h(162,41): error C2059: erreur de syntaxe : ','
C:\Program Files (x86)\Windows Kits\10\Include\10.0.19041.0\ucrt\corecrt_malloc.h(165,5): error C2059: erreur de syntaxe : ')'
C:\Program Files (x86)\Windows Kits\10\Include\10.0.19041.0\ucrt\corecrt_malloc.h(169,8): error C2143: erreur de syntaxe : absence de '{' avant '__cdecl'
C:\Program Files (x86)\Windows Kits\10\Include\10.0.19041.0\ucrt\corecrt_malloc.h(171,26): error C2146: erreur de syntaxe : absence de ')' avant l'identificateur '_Alignment'
C:\Program Files (x86)\Windows Kits\10\Include\10.0.19041.0\ucrt\corecrt_malloc.h(171,26): error C2081: 'size_t' : nom non conforme dans la liste de paramètres formels
C:\Program Files (x86)\Windows Kits\10\Include\10.0.19041.0\ucrt\corecrt_malloc.h(171,26): error C2061: erreur de syntaxe : identificateur '_Alignment'
C:\Program Files (x86)\Windows Kits\10\Include\10.0.19041.0\ucrt\corecrt_malloc.h(171,26): error C2059: erreur de syntaxe : ';'
C:\Program Files (x86)\Windows Kits\10\Include\10.0.19041.0\ucrt\corecrt_malloc.h(171,36): error C2059: erreur de syntaxe : ','
C:\Program Files (x86)\Windows Kits\10\Include\10.0.19041.0\ucrt\corecrt_malloc.h(173,5): error C2059: erreur de syntaxe : ')'
C:\Program Files (x86)\Windows Kits\10\Include\10.0.19041.0\ucrt\corecrt_malloc.h(179,43): error C2146: erreur de syntaxe : absence de ')' avant l'identificateur '_Size'
C:\Program Files (x86)\Windows Kits\10\Include\10.0.19041.0\ucrt\corecrt_malloc.h(179,43): error C2061: erreur de syntaxe : identificateur '_Size'
C:\Program Files (x86)\Windows Kits\10\Include\10.0.19041.0\ucrt\corecrt_malloc.h(179,43): error C2059: erreur de syntaxe : ';'
C:\Program Files (x86)\Windows Kits\10\Include\10.0.19041.0\ucrt\corecrt_malloc.h(179,48): error C2059: erreur de syntaxe : ','
C:\Program Files (x86)\Windows Kits\10\Include\10.0.19041.0\ucrt\corecrt_malloc.h(182,5): error C2059: erreur de syntaxe : ')'
C:\Program Files (x86)\Windows Kits\10\Include\10.0.19041.0\ucrt\corecrt_malloc.h(188,43): error C2146: erreur de syntaxe : absence de ')' avant l'identificateur '_Count'
C:\Program Files (x86)\Windows Kits\10\Include\10.0.19041.0\ucrt\corecrt_malloc.h(188,43): error C2061: erreur de syntaxe : identificateur '_Count'
C:\Program Files (x86)\Windows Kits\10\Include\10.0.19041.0\ucrt\corecrt_malloc.h(188,43): error C2059: erreur de syntaxe : ';'
C:\Program Files (x86)\Windows Kits\10\Include\10.0.19041.0\ucrt\corecrt_malloc.h(188,49): error C2059: erreur de syntaxe : ','
C:\Program Files (x86)\Windows Kits\10\Include\10.0.19041.0\ucrt\corecrt_malloc.h(192,5): error C2059: erreur de syntaxe : ')'
C:\Program Files (x86)\Windows Kits\10\Include\10.0.19041.0\ucrt\corecrt_malloc.h(192,5): fatal error C1003: le nombre d'erreurs est supérieur à 100 ; arrêt de la compilation
  main.c
  Génération de code en cours...
